<?xml version="1.0" encoding="UTF-8"?>
<testsuite name="UserTest" tests="1" skipped="1" failures="0" errors="0" timestamp="2021-09-05T19:47:29" hostname="DESKTOP-LPN1T4M" time="0.0">
  <properties/>
  <testcase name="testEmail()" classname="UserTest" time="0.0">
    <skipped/>
  </testcase>
  <system-out><![CDATA[]]></system-out>
  <system-err><![CDATA[]]></system-err>
</testsuite>
